{"/Users/grace/Desktop/Grace/我的GitHub项目/grace-design/src/index.ts": {"path":"/Users/grace/Desktop/Grace/我的GitHub项目/grace-design/src/index.ts","statementMap":{"0":{"start":{"line":1,"column":0},"end":{"line":1,"column":17}},"1":{"start":{"line":3,"column":0},"end":{"line":3,"column":9}},"2":{"start":{"line":3,"column":9},"end":{"line":3,"column":26}},"3":{"start":{"line":4,"column":0},"end":{"line":4,"column":9}},"4":{"start":{"line":4,"column":9},"end":{"line":4,"column":25}}},"fnMap":{"0":{"name":"(anonymous_1)","decl":{"start":{"line":3,"column":9},"end":{"line":3,"column":16}},"loc":{"start":{"line":3,"column":9},"end":{"line":3,"column":26}}},"1":{"name":"(anonymous_2)","decl":{"start":{"line":4,"column":9},"end":{"line":4,"column":16}},"loc":{"start":{"line":4,"column":9},"end":{"line":4,"column":25}}}},"branchMap":{},"s":{"0":0,"1":0,"2":0,"3":0,"4":0},"f":{"0":0,"1":0},"b":{}}
,"/Users/grace/Desktop/Grace/我的GitHub项目/grace-design/src/components/button/button.tsx": {"path":"/Users/grace/Desktop/Grace/我的GitHub项目/grace-design/src/components/button/button.tsx","statementMap":{"0":{"start":{"line":1,"column":0},"end":{"line":1,"column":35}},"1":{"start":{"line":2,"column":0},"end":{"line":2,"column":38}},"2":{"start":{"line":3,"column":0},"end":{"line":3,"column":65}},"3":{"start":{"line":6,"column":20},"end":{"line":6,"column":31}},"4":{"start":{"line":53,"column":39},"end":{"line":90,"column":1}},"5":{"start":{"line":59,"column":6},"end":{"line":59,"column":11}},"6":{"start":{"line":61,"column":19},"end":{"line":61,"column":50}},"7":{"start":{"line":63,"column":2},"end":{"line":89,"column":null}},"8":{"start":{"line":53,"column":13},"end":{"line":53,"column":39}}},"fnMap":{"0":{"name":"(anonymous_0)","decl":{"start":{"line":53,"column":39},"end":{"line":53,"column":40}},"loc":{"start":{"line":53,"column":49},"end":{"line":90,"column":1}}}},"branchMap":{"0":{"loc":{"start":{"line":55,"column":4},"end":{"line":55,"column":21}},"type":"default-arg","locations":[{"start":{"line":55,"column":12},"end":{"line":55,"column":21}}]},"1":{"loc":{"start":{"line":56,"column":4},"end":{"line":56,"column":17}},"type":"default-arg","locations":[{"start":{"line":56,"column":12},"end":{"line":56,"column":17}}]},"2":{"loc":{"start":{"line":57,"column":4},"end":{"line":57,"column":19}},"type":"default-arg","locations":[{"start":{"line":57,"column":14},"end":{"line":57,"column":19}}]},"3":{"loc":{"start":{"line":58,"column":4},"end":{"line":58,"column":19}},"type":"default-arg","locations":[{"start":{"line":58,"column":11},"end":{"line":58,"column":19}}]},"4":{"loc":{"start":{"line":61,"column":19},"end":{"line":61,"column":50}},"type":"cond-expr","locations":[{"start":{"line":61,"column":33},"end":{"line":61,"column":37}},{"start":{"line":61,"column":37},"end":{"line":61,"column":50}}]},"5":{"loc":{"start":{"line":61,"column":19},"end":{"line":61,"column":37}},"type":"binary-expr","locations":[{"start":{"line":61,"column":19},"end":{"line":61,"column":37}},{"start":{"line":61,"column":33},"end":{"line":61,"column":37}}]},"6":{"loc":{"start":{"line":72,"column":8},"end":{"line":72,"column":48}},"type":"cond-expr","locations":[{"start":{"line":72,"column":16},"end":{"line":72,"column":41}},{"start":{"line":72,"column":44},"end":{"line":72,"column":48}}]},"7":{"loc":{"start":{"line":81,"column":7},"end":{"line":86,"column":null}},"type":"cond-expr","locations":[{"start":{"line":82,"column":8},"end":{"line":83,"column":null}},{"start":{"line":86,"column":8},"end":{"line":86,"column":22}}]}},"s":{"0":1,"1":1,"2":1,"3":1,"4":1,"5":12,"6":12,"7":12,"8":1},"f":{"0":12},"b":{"0":[5],"1":[11],"2":[9],"3":[11],"4":[1,11],"5":[12,12],"6":[12,0],"7":[2,10]}}
,"/Users/grace/Desktop/Grace/我的GitHub项目/grace-design/src/components/button/index.ts": {"path":"/Users/grace/Desktop/Grace/我的GitHub项目/grace-design/src/components/button/index.ts","statementMap":{"0":{"start":{"line":1,"column":0},"end":{"line":1,"column":33}},"1":{"start":{"line":2,"column":0},"end":{"line":2,"column":22}},"2":{"start":{"line":4,"column":0},"end":{"line":4,"column":null}}},"fnMap":{},"branchMap":{},"s":{"0":1,"1":1,"2":1},"f":{},"b":{}}
,"/Users/grace/Desktop/Grace/我的GitHub项目/grace-design/src/components/space/index.ts": {"path":"/Users/grace/Desktop/Grace/我的GitHub项目/grace-design/src/components/space/index.ts","statementMap":{"0":{"start":{"line":1,"column":0},"end":{"line":1,"column":31}},"1":{"start":{"line":2,"column":0},"end":{"line":2,"column":21}},"2":{"start":{"line":4,"column":0},"end":{"line":4,"column":null}}},"fnMap":{},"branchMap":{},"s":{"0":1,"1":1,"2":1},"f":{},"b":{}}
,"/Users/grace/Desktop/Grace/我的GitHub项目/grace-design/src/components/space/space.tsx": {"path":"/Users/grace/Desktop/Grace/我的GitHub项目/grace-design/src/components/space/space.tsx","statementMap":{"0":{"start":{"line":2,"column":0},"end":{"line":2,"column":35}},"1":{"start":{"line":3,"column":0},"end":{"line":3,"column":38}},"2":{"start":{"line":4,"column":0},"end":{"line":4,"column":65}},"3":{"start":{"line":7,"column":20},"end":{"line":7,"column":30}},"4":{"start":{"line":49,"column":37},"end":{"line":75,"column":1}},"5":{"start":{"line":50,"column":48},"end":{"line":50,"column":53}},"6":{"start":{"line":52,"column":2},"end":{"line":74,"column":null}},"7":{"start":{"line":66,"column":8},"end":{"line":71,"column":null}},"8":{"start":{"line":49,"column":13},"end":{"line":49,"column":37}}},"fnMap":{"0":{"name":"(anonymous_0)","decl":{"start":{"line":49,"column":37},"end":{"line":49,"column":38}},"loc":{"start":{"line":49,"column":47},"end":{"line":75,"column":1}}},"1":{"name":"(anonymous_1)","decl":{"start":{"line":65,"column":42},"end":{"line":65,"column":43}},"loc":{"start":{"line":65,"column":52},"end":{"line":72,"column":7}}}},"branchMap":{"0":{"loc":{"start":{"line":50,"column":10},"end":{"line":50,"column":34}},"type":"default-arg","locations":[{"start":{"line":50,"column":22},"end":{"line":50,"column":34}}]},"1":{"loc":{"start":{"line":67,"column":10},"end":{"line":69,"column":null}},"type":"binary-expr","locations":[{"start":{"line":67,"column":10},"end":{"line":67,"column":24}},{"start":{"line":68,"column":10},"end":{"line":68,"column":29}},{"start":{"line":69,"column":12},"end":{"line":69,"column":64}}]}},"s":{"0":1,"1":1,"2":1,"3":1,"4":1,"5":8,"6":8,"7":20,"8":1},"f":{"0":8,"1":20},"b":{"0":[7],"1":[20,20,20]}}
,"/Users/grace/Desktop/Grace/我的GitHub项目/grace-design/src/global/index.ts": {"path":"/Users/grace/Desktop/Grace/我的GitHub项目/grace-design/src/global/index.ts","statementMap":{"0":{"start":{"line":1,"column":0},"end":{"line":1,"column":22}}},"fnMap":{},"branchMap":{},"s":{"0":0},"f":{},"b":{}}
,"/Users/grace/Desktop/Grace/我的GitHub项目/grace-design/src/utils/native-props.ts": {"path":"/Users/grace/Desktop/Grace/我的GitHub项目/grace-design/src/utils/native-props.ts","statementMap":{"0":{"start":{"line":5,"column":0},"end":{"line":5,"column":35}},"1":{"start":{"line":7,"column":0},"end":{"line":7,"column":25}},"2":{"start":{"line":14,"column":9},"end":{"line":15,"column":null}},"3":{"start":{"line":17,"column":2},"end":{"line":19,"column":null}},"4":{"start":{"line":18,"column":4},"end":{"line":18,"column":null}},"5":{"start":{"line":20,"column":2},"end":{"line":25,"column":null}},"6":{"start":{"line":21,"column":4},"end":{"line":24,"column":null}},"7":{"start":{"line":26,"column":2},"end":{"line":31,"column":null}},"8":{"start":{"line":27,"column":4},"end":{"line":27,"column":44}},"9":{"start":{"line":27,"column":36},"end":{"line":27,"column":44}},"10":{"start":{"line":28,"column":4},"end":{"line":30,"column":null}},"11":{"start":{"line":29,"column":6},"end":{"line":29,"column":null}},"12":{"start":{"line":32,"column":2},"end":{"line":32,"column":null}},"13":{"start":{"line":10,"column":0},"end":{"line":10,"column":16}}},"fnMap":{"0":{"name":"withNativeProps","decl":{"start":{"line":10,"column":16},"end":{"line":10,"column":31}},"loc":{"start":{"line":12,"column":23},"end":{"line":33,"column":1}}}},"branchMap":{"0":{"loc":{"start":{"line":17,"column":2},"end":{"line":19,"column":null}},"type":"if","locations":[{"start":{"line":17,"column":2},"end":{"line":19,"column":null}}]},"1":{"loc":{"start":{"line":20,"column":2},"end":{"line":25,"column":null}},"type":"if","locations":[{"start":{"line":20,"column":2},"end":{"line":25,"column":null}}]},"2":{"loc":{"start":{"line":27,"column":4},"end":{"line":27,"column":44}},"type":"if","locations":[{"start":{"line":27,"column":4},"end":{"line":27,"column":44}}]},"3":{"loc":{"start":{"line":28,"column":4},"end":{"line":30,"column":null}},"type":"if","locations":[{"start":{"line":28,"column":4},"end":{"line":30,"column":null}}]}},"s":{"0":2,"1":2,"2":20,"3":20,"4":1,"5":20,"6":1,"7":20,"8":48,"9":0,"10":48,"11":2,"12":20,"13":2},"f":{"0":20},"b":{"0":[1],"1":[1],"2":[0],"3":[2]}}
,"/Users/grace/Desktop/Grace/我的GitHub项目/grace-design/src/utils/sleep.ts": {"path":"/Users/grace/Desktop/Grace/我的GitHub项目/grace-design/src/utils/sleep.ts","statementMap":{"0":{"start":{"line":1,"column":21},"end":{"line":2,"column":null}},"1":{"start":{"line":1,"column":44},"end":{"line":2,"column":null}},"2":{"start":{"line":2,"column":2},"end":{"line":2,"column":null}},"3":{"start":{"line":2,"column":33},"end":{"line":2,"column":58}},"4":{"start":{"line":1,"column":13},"end":{"line":1,"column":21}}},"fnMap":{"0":{"name":"(anonymous_0)","decl":{"start":{"line":1,"column":21},"end":{"line":1,"column":28}},"loc":{"start":{"line":1,"column":44},"end":{"line":2,"column":null}}},"1":{"name":"(anonymous_1)","decl":{"start":{"line":1,"column":44},"end":{"line":1,"column":null}},"loc":{"start":{"line":1,"column":44},"end":{"line":2,"column":null}}},"2":{"name":"(anonymous_2)","decl":{"start":{"line":2,"column":20},"end":{"line":2,"column":21}},"loc":{"start":{"line":2,"column":33},"end":{"line":2,"column":58}}}},"branchMap":{},"s":{"0":0,"1":0,"2":0,"3":0,"4":0},"f":{"0":0,"1":0,"2":0},"b":{}}
,"/Users/grace/Desktop/Grace/我的GitHub项目/grace-design/src/utils/useSuperLock.ts": {"path":"/Users/grace/Desktop/Grace/我的GitHub项目/grace-design/src/utils/useSuperLock.ts","statementMap":{"0":{"start":{"line":1,"column":0},"end":{"line":1,"column":40}},"1":{"start":{"line":13,"column":26},"end":{"line":13,"column":41}},"2":{"start":{"line":14,"column":19},"end":{"line":14,"column":33}},"3":{"start":{"line":16,"column":2},"end":{"line":50,"column":null}},"4":{"start":{"line":17,"column":37},"end":{"line":48,"column":null}},"5":{"start":{"line":18,"column":6},"end":{"line":20,"column":null}},"6":{"start":{"line":19,"column":8},"end":{"line":19,"column":14}},"7":{"start":{"line":22,"column":22},"end":{"line":22,"column":32}},"8":{"start":{"line":23,"column":6},"end":{"line":28,"column":null}},"9":{"start":{"line":27,"column":8},"end":{"line":27,"column":14}},"10":{"start":{"line":30,"column":6},"end":{"line":30,"column":null}},"11":{"start":{"line":31,"column":6},"end":{"line":31,"column":null}},"12":{"start":{"line":35,"column":6},"end":{"line":41,"column":null}},"13":{"start":{"line":37,"column":8},"end":{"line":37,"column":null}},"14":{"start":{"line":39,"column":8},"end":{"line":39,"column":null}},"15":{"start":{"line":40,"column":8},"end":{"line":40,"column":null}},"16":{"start":{"line":43,"column":6},"end":{"line":45,"column":null}},"17":{"start":{"line":44,"column":8},"end":{"line":44,"column":null}},"18":{"start":{"line":47,"column":6},"end":{"line":47,"column":null}},"19":{"start":{"line":8,"column":0},"end":{"line":8,"column":16}}},"fnMap":{"0":{"name":"useSuperLock","decl":{"start":{"line":8,"column":16},"end":{"line":8,"column":28}},"loc":{"start":{"line":11,"column":13},"end":{"line":51,"column":1}}},"1":{"name":"(anonymous_1)","decl":{"start":{"line":17,"column":4},"end":{"line":17,"column":11}},"loc":{"start":{"line":17,"column":37},"end":{"line":48,"column":null}}},"2":{"name":"(anonymous_2)","decl":{"start":{"line":17,"column":37},"end":{"line":17,"column":null}},"loc":{"start":{"line":17,"column":37},"end":{"line":48,"column":5}}},"3":{"name":"(anonymous_3)","decl":{"start":{"line":43,"column":17},"end":{"line":43,"column":20}},"loc":{"start":{"line":43,"column":22},"end":{"line":45,"column":7}}}},"branchMap":{"0":{"loc":{"start":{"line":11,"column":2},"end":{"line":11,"column":13}},"type":"default-arg","locations":[{"start":{"line":11,"column":10},"end":{"line":11,"column":13}}]},"1":{"loc":{"start":{"line":18,"column":6},"end":{"line":20,"column":null}},"type":"if","locations":[{"start":{"line":18,"column":6},"end":{"line":20,"column":null}}]},"2":{"loc":{"start":{"line":23,"column":6},"end":{"line":28,"column":null}},"type":"if","locations":[{"start":{"line":23,"column":6},"end":{"line":28,"column":null}}]},"3":{"loc":{"start":{"line":24,"column":8},"end":{"line":25,"column":63}},"type":"binary-expr","locations":[{"start":{"line":24,"column":8},"end":{"line":24,"column":32}},{"start":{"line":25,"column":8},"end":{"line":25,"column":63}}]}},"s":{"0":0,"1":0,"2":0,"3":0,"4":0,"5":0,"6":0,"7":0,"8":0,"9":0,"10":0,"11":0,"12":0,"13":0,"14":0,"15":0,"16":0,"17":0,"18":0,"19":0},"f":{"0":0,"1":0,"2":0,"3":0},"b":{"0":[0],"1":[0],"2":[0],"3":[0,0]}}
,"/Users/grace/Desktop/Grace/我的GitHub项目/grace-design/src/utils/validate.ts": {"path":"/Users/grace/Desktop/Grace/我的GitHub项目/grace-design/src/utils/validate.ts","statementMap":{"0":{"start":{"line":2,"column":2},"end":{"line":2,"column":null}},"1":{"start":{"line":1,"column":0},"end":{"line":1,"column":16}},"2":{"start":{"line":6,"column":2},"end":{"line":6,"column":null}},"3":{"start":{"line":5,"column":0},"end":{"line":5,"column":16}},"4":{"start":{"line":10,"column":2},"end":{"line":13,"column":null}},"5":{"start":{"line":9,"column":0},"end":{"line":9,"column":16}},"6":{"start":{"line":17,"column":2},"end":{"line":17,"column":null}},"7":{"start":{"line":18,"column":2},"end":{"line":20,"column":null}},"8":{"start":{"line":16,"column":0},"end":{"line":16,"column":16}},"9":{"start":{"line":24,"column":2},"end":{"line":24,"column":null}},"10":{"start":{"line":23,"column":0},"end":{"line":23,"column":16}}},"fnMap":{"0":{"name":"isDef","decl":{"start":{"line":1,"column":16},"end":{"line":1,"column":21}},"loc":{"start":{"line":1,"column":31},"end":{"line":3,"column":1}}},"1":{"name":"isObject","decl":{"start":{"line":5,"column":16},"end":{"line":5,"column":24}},"loc":{"start":{"line":5,"column":37},"end":{"line":7,"column":1}}},"2":{"name":"isPromise","decl":{"start":{"line":9,"column":16},"end":{"line":9,"column":25}},"loc":{"start":{"line":9,"column":38},"end":{"line":14,"column":1}}},"3":{"name":"isMobile","decl":{"start":{"line":16,"column":16},"end":{"line":16,"column":24}},"loc":{"start":{"line":16,"column":38},"end":{"line":21,"column":1}}},"4":{"name":"isNumeric","decl":{"start":{"line":23,"column":16},"end":{"line":23,"column":25}},"loc":{"start":{"line":23,"column":46},"end":{"line":25,"column":1}}}},"branchMap":{"0":{"loc":{"start":{"line":2,"column":9},"end":{"line":2,"column":42}},"type":"binary-expr","locations":[{"start":{"line":2,"column":9},"end":{"line":2,"column":26}},{"start":{"line":2,"column":30},"end":{"line":2,"column":42}}]},"1":{"loc":{"start":{"line":6,"column":9},"end":{"line":6,"column":48}},"type":"binary-expr","locations":[{"start":{"line":6,"column":9},"end":{"line":6,"column":21}},{"start":{"line":6,"column":25},"end":{"line":6,"column":48}}]},"2":{"loc":{"start":{"line":12,"column":4},"end":{"line":12,"column":79}},"type":"binary-expr","locations":[{"start":{"line":12,"column":4},"end":{"line":12,"column":9}},{"start":{"line":12,"column":13},"end":{"line":12,"column":36}},{"start":{"line":12,"column":40},"end":{"line":12,"column":79}}]},"3":{"loc":{"start":{"line":19,"column":4},"end":{"line":19,"column":77}},"type":"binary-expr","locations":[{"start":{"line":19,"column":4},"end":{"line":19,"column":43}},{"start":{"line":19,"column":47},"end":{"line":19,"column":77}}]},"4":{"loc":{"start":{"line":24,"column":9},"end":{"line":24,"column":61}},"type":"binary-expr","locations":[{"start":{"line":24,"column":9},"end":{"line":24,"column":32}},{"start":{"line":24,"column":36},"end":{"line":24,"column":61}}]}},"s":{"0":0,"1":0,"2":0,"3":0,"4":0,"5":0,"6":0,"7":0,"8":0,"9":0,"10":0},"f":{"0":0,"1":0,"2":0,"3":0,"4":0},"b":{"0":[0,0],"1":[0,0],"2":[0,0,0],"3":[0,0],"4":[0,0]}}
}
