TN:
SF:src/index.ts
FN:3,(anonymous_1)
FN:4,(anonymous_2)
FNF:2
FNH:0
FNDA:0,(anonymous_1)
FNDA:0,(anonymous_2)
DA:1,0
DA:3,0
DA:4,0
LF:3
LH:0
BRF:0
BRH:0
end_of_record
TN:
SF:src/components/button/button.tsx
FN:53,(anonymous_0)
FNF:1
FNH:1
FNDA:12,(anonymous_0)
DA:1,1
DA:2,1
DA:3,1
DA:6,1
DA:53,1
DA:59,12
DA:61,12
DA:63,12
LF:8
LH:8
BRDA:55,0,0,5
BRDA:56,1,0,11
BRDA:57,2,0,9
BRDA:58,3,0,11
BRDA:61,4,0,1
BRDA:61,4,1,11
BRDA:61,5,0,12
BRDA:61,5,1,12
BRDA:72,6,0,12
BRDA:72,6,1,0
BRDA:81,7,0,2
BRDA:81,7,1,10
BRF:12
BRH:11
end_of_record
TN:
SF:src/components/button/index.ts
FNF:0
FNH:0
DA:1,1
DA:2,1
DA:4,1
LF:3
LH:3
BRF:0
BRH:0
end_of_record
TN:
SF:src/components/space/index.ts
FNF:0
FNH:0
DA:1,1
DA:2,1
DA:4,1
LF:3
LH:3
BRF:0
BRH:0
end_of_record
TN:
SF:src/components/space/space.tsx
FN:49,(anonymous_0)
FN:65,(anonymous_1)
FNF:2
FNH:2
FNDA:8,(anonymous_0)
FNDA:20,(anonymous_1)
DA:2,1
DA:3,1
DA:4,1
DA:7,1
DA:49,1
DA:50,8
DA:52,8
DA:66,20
LF:8
LH:8
BRDA:50,0,0,7
BRDA:67,1,0,20
BRDA:67,1,1,20
BRDA:67,1,2,20
BRF:4
BRH:4
end_of_record
TN:
SF:src/global/index.ts
FNF:0
FNH:0
DA:1,0
LF:1
LH:0
BRF:0
BRH:0
end_of_record
TN:
SF:src/utils/native-props.ts
FN:10,withNativeProps
FNF:1
FNH:1
FNDA:20,withNativeProps
DA:5,2
DA:7,2
DA:10,2
DA:14,20
DA:17,20
DA:18,1
DA:20,20
DA:21,1
DA:26,20
DA:27,48
DA:28,48
DA:29,2
DA:32,20
LF:13
LH:13
BRDA:17,0,0,1
BRDA:20,1,0,1
BRDA:27,2,0,0
BRDA:28,3,0,2
BRF:4
BRH:3
end_of_record
TN:
SF:src/utils/sleep.ts
FN:1,(anonymous_0)
FN:1,(anonymous_1)
FN:2,(anonymous_2)
FNF:3
FNH:0
FNDA:0,(anonymous_0)
FNDA:0,(anonymous_1)
FNDA:0,(anonymous_2)
DA:1,0
DA:2,0
LF:2
LH:0
BRF:0
BRH:0
end_of_record
TN:
SF:src/utils/useSuperLock.ts
FN:8,useSuperLock
FN:17,(anonymous_1)
FN:17,(anonymous_2)
FN:43,(anonymous_3)
FNF:4
FNH:0
FNDA:0,useSuperLock
FNDA:0,(anonymous_1)
FNDA:0,(anonymous_2)
FNDA:0,(anonymous_3)
DA:1,0
DA:8,0
DA:13,0
DA:14,0
DA:16,0
DA:17,0
DA:18,0
DA:19,0
DA:22,0
DA:23,0
DA:27,0
DA:30,0
DA:31,0
DA:35,0
DA:37,0
DA:39,0
DA:40,0
DA:43,0
DA:44,0
DA:47,0
LF:20
LH:0
BRDA:11,0,0,0
BRDA:18,1,0,0
BRDA:23,2,0,0
BRDA:24,3,0,0
BRDA:24,3,1,0
BRF:5
BRH:0
end_of_record
TN:
SF:src/utils/validate.ts
FN:1,isDef
FN:5,isObject
FN:9,isPromise
FN:16,isMobile
FN:23,isNumeric
FNF:5
FNH:0
FNDA:0,isDef
FNDA:0,isObject
FNDA:0,isPromise
FNDA:0,isMobile
FNDA:0,isNumeric
DA:1,0
DA:2,0
DA:5,0
DA:6,0
DA:9,0
DA:10,0
DA:16,0
DA:17,0
DA:18,0
DA:23,0
DA:24,0
LF:11
LH:0
BRDA:2,0,0,0
BRDA:2,0,1,0
BRDA:6,1,0,0
BRDA:6,1,1,0
BRDA:12,2,0,0
BRDA:12,2,1,0
BRDA:12,2,2,0
BRDA:19,3,0,0
BRDA:19,3,1,0
BRDA:24,4,0,0
BRDA:24,4,1,0
BRF:11
BRH:0
end_of_record
